#
# There is insufficient memory for the Java Runtime Environment to continue.
# Native memory allocation (malloc) failed to allocate 32744 bytes for ChunkPool::allocate
# Possible reasons:
#   The system is out of physical RAM or swap space
#   In 32 bit mode, the process size limit was hit
# Possible solutions:
#   Reduce memory load on the system
#   Increase physical memory or swap space
#   Check if swap backing store is full
#   Use 64 bit Java on a 64 bit OS
#   Decrease Java heap size (-Xmx/-Xms)
#   Decrease number of Java threads
#   Decrease Java thread stack sizes (-Xss)
#   Set larger code cache with -XX:ReservedCodeCacheSize=
# This output file may be truncated or incomplete.
#
#  Out of Memory Error (allocation.cpp:273), pid=4968, tid=0x0000000000002690
#
# JRE version: Java(TM) SE Runtime Environment (8.0_161-b12) (build 1.8.0_161-b12)
# Java VM: Java HotSpot(TM) 64-Bit Server VM (25.161-b12 mixed mode windows-amd64 compressed oops)
# Failed to write core dump. Minidumps are not enabled by default on client versions of Windows
#

---------------  T H R E A D  ---------------

Current thread (0x0000000001d83000):  JavaThread "main" [_thread_in_vm, id=9872, stack(0x0000000001c40000,0x0000000001d40000)]

Stack: [0x0000000001c40000,0x0000000001d40000]
[error occurred during error reporting (printing stack bounds), id 0xc0000005]

Native frames: (J=compiled Java code, j=interpreted, Vv=VM code, C=native code)

Java frames: (J=compiled Java code, j=interpreted, Vv=VM code)
j  java.lang.ClassLoader.defineClass1(Ljava/lang/String;[BIILjava/security/ProtectionDomain;Ljava/lang/String;)Ljava/lang/Class;+0
j  java.lang.ClassLoader.defineClass(Ljava/lang/String;[BIILjava/security/ProtectionDomain;)Ljava/lang/Class;+27
j  java.security.SecureClassLoader.defineClass(Ljava/lang/String;[BIILjava/security/CodeSource;)Ljava/lang/Class;+12
j  java.net.URLClassLoader.defineClass(Ljava/lang/String;Lsun/misc/Resource;)Ljava/lang/Class;+138
j  java.net.URLClassLoader.access$100(Ljava/net/URLClassLoader;Ljava/lang/String;Lsun/misc/Resource;)Ljava/lang/Class;+3
j  java.net.URLClassLoader$1.run()Ljava/lang/Class;+43
j  java.net.URLClassLoader$1.run()Ljava/lang/Object;+1
v  ~StubRoutines::call_stub
J 158  java.security.AccessController.doPrivileged(Ljava/security/PrivilegedExceptionAction;Ljava/security/AccessControlContext;)Ljava/lang/Object; (0 bytes) @ 0x000000000205cee6 [0x000000000205ce80+0x66]
j  java.net.URLClassLoader.findClass(Ljava/lang/String;)Ljava/lang/Class;+13
J 137 C1 java.lang.ClassLoader.loadClass(Ljava/lang/String;Z)Ljava/lang/Class; (122 bytes) @ 0x000000000204da6c [0x000000000204d100+0x96c]
j  sun.misc.Launcher$AppClassLoader.loadClass(Ljava/lang/String;Z)Ljava/lang/Class;+81
j  java.lang.ClassLoader.loadClass(Ljava/lang/String;)Ljava/lang/Class;+3
v  ~StubRoutines::call_stub
j  com.google.protobuf.Descriptors$DescriptorPool.<clinit>()V+0
v  ~StubRoutines::call_stub
j  com.google.protobuf.Descriptors$FileDescriptor.buildFrom(Lcom/google/protobuf/DescriptorProtos$FileDescriptorProto;[Lcom/google/protobuf/Descriptors$FileDescriptor;Z)Lcom/google/protobuf/Descriptors$FileDescriptor;+0
j  com.google.protobuf.Descriptors$FileDescriptor.internalBuildGeneratedFileFrom([Ljava/lang/String;[Lcom/google/protobuf/Descriptors$FileDescriptor;Lcom/google/protobuf/Descriptors$FileDescriptor$InternalDescriptorAssigner;)V+86
j  com.message.protobuf.Messages.<clinit>()V+34
v  ~StubRoutines::call_stub
j  com.message.protobuf.Messages$MessageClient$PoliciesDefaultEntryHolder.<clinit>()V+0
v  ~StubRoutines::call_stub
j  com.message.protobuf.Messages$MessageClient$Builder.internalGetPolicies()Lcom/google/protobuf/MapField;+7
j  com.message.protobuf.Messages$MessageClient$Builder.buildPartial()Lcom/message/protobuf/Messages$MessageClient;+91
j  com.message.protobuf.Messages$MessageClient$Builder.build()Lcom/message/protobuf/Messages$MessageClient;+1
j  test.ClientTelepathology.sendPhotoRequest(Ljava/io/OutputStream;)V+24
j  test.ClientTelepathology.getImage()[B+7
j  test.TestPrediction.send_requests(Ltest/ClientTelepathology;)V+1
j  test.TestTelepathology.main([Ljava/lang/String;)V+25
v  ~StubRoutines::call_stub

---------------  P R O C E S S  ---------------

Java Threads: ( => current thread )
  0x0000000015703000 JavaThread "Service Thread" daemon [_thread_blocked, id=11924, stack(0x0000000015be0000,0x0000000015ce0000)]
  0x0000000013eda000 JavaThread "C1 CompilerThread2" daemon [_thread_blocked, id=11344, stack(0x0000000015ae0000,0x0000000015be0000)]
  0x0000000013ed6800 JavaThread "C2 CompilerThread1" daemon [_thread_blocked, id=256, stack(0x00000000155e0000,0x00000000156e0000)]
  0x0000000013e7d000 JavaThread "C2 CompilerThread0" daemon [_thread_blocked, id=200, stack(0x00000000154e0000,0x00000000155e0000)]
  0x0000000013e7c800 JavaThread "Attach Listener" daemon [_thread_blocked, id=6492, stack(0x00000000153e0000,0x00000000154e0000)]
  0x0000000013e8b800 JavaThread "Signal Dispatcher" daemon [_thread_blocked, id=11272, stack(0x00000000152e0000,0x00000000153e0000)]
  0x0000000013e6a800 JavaThread "Finalizer" daemon [_thread_blocked, id=892, stack(0x00000000150e0000,0x00000000151e0000)]
  0x0000000001e71800 JavaThread "Reference Handler" daemon [_thread_blocked, id=6960, stack(0x0000000014fe0000,0x00000000150e0000)]
=>0x0000000001d83000 JavaThread "main" [_thread_in_vm, id=9872, stack(0x0000000001c40000,0x0000000001d40000)]

Other Threads:
  0x0000000013e47800 VMThread [stack: 0x0000000014ee0000,0x0000000014fe0000] [id=4768]
  0x0000000015707800 WatcherThread [stack: 0x0000000015ce0000,0x0000000015de0000] [id=11352]

VM state:not at safepoint (normal execution)

VM Mutex/Monitor currently owned by a thread: None

Heap:
 PSYoungGen      total 15360K, used 5412K [0x00000000eed80000, 0x00000000efe80000, 0x0000000100000000)
  eden space 13312K, 40% used [0x00000000eed80000,0x00000000ef2c9140,0x00000000efa80000)
  from space 2048K, 0% used [0x00000000efc80000,0x00000000efc80000,0x00000000efe80000)
  to   space 2048K, 0% used [0x00000000efa80000,0x00000000efa80000,0x00000000efc80000)
 ParOldGen       total 35840K, used 0K [0x00000000cc800000, 0x00000000ceb00000, 0x00000000eed80000)
  object space 35840K, 0% used [0x00000000cc800000,0x00000000cc800000,0x00000000ceb00000)
 Metaspace       used 4562K, capacity 5560K, committed 5632K, reserved 1056768K
  class space    used 477K, capacity 488K, committed 512K, reserved 1048576K

Card table byte_map: [0x00000000112c0000,0x0000000011460000] byte_map_base: 0x0000000010c5c000

Marking Bits: (ParMarkBitMap*) 0x0000000071a8f860
 Begin Bits: [0x0000000011980000, 0x0000000012660000)
 End Bits:   [0x0000000012660000, 0x0000000013340000)

Polling page: 0x0000000000460000

CodeCache: size=245760Kb used=1591Kb max_used=1591Kb free=244168Kb
 bounds [0x0000000001f00000, 0x0000000002170000, 0x0000000010f00000]
 total_blobs=441 nmethods=191 adapters=164
 compilation: enabled

Compilation events (10 events):
Event: 0.605 Thread 0x0000000013eda000  187       3       com.google.protobuf.CodedInputStream$ArrayDecoder::isAtEnd (17 bytes)
Event: 0.605 Thread 0x0000000013eda000 nmethod 187 0x0000000002074790 code [0x00000000020748e0, 0x0000000002074a90]
Event: 0.612 Thread 0x0000000013eda000  188       3       sun.net.www.protocol.file.Handler::parseURL (18 bytes)
Event: 0.613 Thread 0x0000000013eda000 nmethod 188 0x000000000207ce50 code [0x000000000207cfc0, 0x000000000207d238]
Event: 0.613 Thread 0x0000000013eda000  189       3       java.net.URLStreamHandler::parseURL (1193 bytes)
Event: 0.630 Thread 0x0000000013eda000 nmethod 189 0x000000000207d350 code [0x000000000207de80, 0x00000000020879a8]
Event: 0.630 Thread 0x0000000013eda000  190   !   3       java.net.URLClassLoader::findClass (47 bytes)
Event: 0.630 Thread 0x0000000013eda000 nmethod 190 0x000000000208dd90 code [0x000000000208df40, 0x000000000208e5a8]
Event: 0.630 Thread 0x0000000013eda000  191       3       java.net.URLClassLoader$1::<init> (15 bytes)
Event: 0.630 Thread 0x0000000013eda000 nmethod 191 0x000000000208e810 code [0x000000000208e960, 0x000000000208eb30]

GC Heap History (0 events):
No events

Deoptimization events (0 events):
No events

Classes redefined (0 events):
No events

Internal exceptions (2 events):
Event: 0.058 Thread 0x0000000001d83000 Exception <a 'java/lang/NoSuchMethodError': Method sun.misc.Unsafe.defineClass(Ljava/lang/String;[BII)Ljava/lang/Class; name or signature does not match> (0x00000000eed87ca0) thrown at [C:\re\workspace\8-2-build-windows-amd64-cygwin\jdk8u161\10277\hotspot
Event: 0.058 Thread 0x0000000001d83000 Exception <a 'java/lang/NoSuchMethodError': Method sun.misc.Unsafe.prefetchRead(Ljava/lang/Object;J)V name or signature does not match> (0x00000000eed87f88) thrown at [C:\re\workspace\8-2-build-windows-amd64-cygwin\jdk8u161\10277\hotspot\src\share\vm\prim

Events (10 events):
Event: 0.607 loading class com/google/protobuf/DescriptorProtos$FileOptions
Event: 0.607 loading class com/google/protobuf/DescriptorProtos$FileOptions done
Event: 0.610 loading class com/google/protobuf/DescriptorProtos$FileOptions$1
Event: 0.610 loading class com/google/protobuf/DescriptorProtos$FileOptions$1 done
Event: 0.612 loading class com/google/protobuf/Descriptors$DescriptorPool
Event: 0.612 loading class com/google/protobuf/Descriptors$DescriptorPool done
Event: 0.627 loading class com/google/protobuf/Descriptors$EnumDescriptor
Event: 0.627 loading class com/google/protobuf/Descriptors$EnumDescriptor done
Event: 0.628 loading class com/google/protobuf/Descriptors
Event: 0.628 loading class com/google/protobuf/Descriptors done


Dynamic libraries:
0x00007ff73cf90000 - 0x00007ff73cfc7000 	C:\Program Files\Java\jdk1.8.0_161\bin\javaw.exe
0x00007ffaedf40000 - 0x00007ffaee0ed000 	C:\Windows\SYSTEM32\ntdll.dll
0x00007ffaeb710000 - 0x00007ffaeb84f000 	C:\Windows\system32\KERNEL32.DLL
0x00007ffaeb2d0000 - 0x00007ffaeb3e5000 	C:\Windows\system32\KERNELBASE.dll
0x00007ffae9c30000 - 0x00007ffae9cbe000 	C:\Windows\system32\apphelp.dll
0x00007ffae0d20000 - 0x00007ffae0d75000 	C:\Windows\AppPatch\AppPatch64\AcGenral.DLL
0x00007ffaeb8b0000 - 0x00007ffaeb95a000 	C:\Windows\system32\msvcrt.dll
0x00007ffaeb250000 - 0x00007ffaeb27e000 	C:\Windows\system32\SspiCli.dll
0x00007ffaed3d0000 - 0x00007ffaed424000 	C:\Windows\system32\SHLWAPI.dll
0x00007ffaed820000 - 0x00007ffaed997000 	C:\Windows\system32\USER32.dll
0x00007ffaedd30000 - 0x00007ffaedec4000 	C:\Windows\system32\ole32.dll
0x00007ffaebc20000 - 0x00007ffaed14b000 	C:\Windows\system32\SHELL32.dll
0x00007ffaea630000 - 0x00007ffaea651000 	C:\Windows\SYSTEM32\USERENV.dll
0x00007ffaeda70000 - 0x00007ffaedb1a000 	C:\Windows\system32\ADVAPI32.dll
0x00007ffae51d0000 - 0x00007ffae51ee000 	C:\Windows\SYSTEM32\MPR.dll
0x00007ffaeb5d0000 - 0x00007ffaeb710000 	C:\Windows\system32\RPCRT4.dll
0x00007ffaeb850000 - 0x00007ffaeb8a9000 	C:\Windows\SYSTEM32\sechost.dll
0x00007ffaedb20000 - 0x00007ffaedd30000 	C:\Windows\SYSTEM32\combase.dll
0x00007ffaed430000 - 0x00007ffaed57c000 	C:\Windows\system32\GDI32.dll
0x00007ffaeb070000 - 0x00007ffaeb085000 	C:\Windows\SYSTEM32\profapi.dll
0x00007ffae8f90000 - 0x00007ffae9042000 	C:\Windows\SYSTEM32\SHCORE.dll
0x00007ffaedef0000 - 0x00007ffaedf26000 	C:\Windows\system32\IMM32.DLL
0x00007ffaed580000 - 0x00007ffaed6d1000 	C:\Windows\system32\MSCTF.dll
0x0000000073270000 - 0x00000000732a9000 	C:\PROGRA~2\Sophos\SOPHOS~1\SOPHOS~2.DLL
0x00007ffaedf30000 - 0x00007ffaedf37000 	C:\Windows\system32\PSAPI.DLL
0x00007ffae7d60000 - 0x00007ffae7fdb000 	C:\Windows\WinSxS\amd64_microsoft.windows.common-controls_6595b64144ccf1df_6.0.9600.19394_none_62486577ecb635cf\COMCTL32.dll
0x0000000071b10000 - 0x0000000071be2000 	C:\Program Files\Java\jdk1.8.0_161\jre\bin\msvcr100.dll
0x0000000071270000 - 0x0000000071b0f000 	C:\Program Files\Java\jdk1.8.0_161\jre\bin\server\jvm.dll
0x00007ffadbdf0000 - 0x00007ffadbdf9000 	C:\Windows\SYSTEM32\WSOCK32.dll
0x00007ffae9c00000 - 0x00007ffae9c22000 	C:\Windows\SYSTEM32\WINMM.dll
0x00007ffae8960000 - 0x00007ffae896a000 	C:\Windows\SYSTEM32\VERSION.dll
0x00007ffaed6e0000 - 0x00007ffaed73a000 	C:\Windows\system32\WS2_32.dll
0x00007ffae9bd0000 - 0x00007ffae9bfa000 	C:\Windows\SYSTEM32\WINMMBASE.dll
0x00007ffaedee0000 - 0x00007ffaedee9000 	C:\Windows\system32\NSI.dll
0x00007ffaeb280000 - 0x00007ffaeb2cf000 	C:\Windows\SYSTEM32\cfgmgr32.dll
0x00007ffae9e90000 - 0x00007ffae9eb8000 	C:\Windows\SYSTEM32\DEVOBJ.dll
0x0000000071260000 - 0x000000007126f000 	C:\Program Files\Java\jdk1.8.0_161\jre\bin\verify.dll
0x0000000071230000 - 0x0000000071259000 	C:\Program Files\Java\jdk1.8.0_161\jre\bin\java.dll
0x0000000071210000 - 0x0000000071226000 	C:\Program Files\Java\jdk1.8.0_161\jre\bin\zip.dll
0x00000000711f0000 - 0x000000007120a000 	C:\Program Files\Java\jdk1.8.0_161\jre\bin\net.dll
0x00007ffaea8a0000 - 0x00007ffaea8f9000 	C:\Windows\system32\mswsock.dll
0x00007ffaea6a0000 - 0x00007ffaea744000 	C:\Windows\SYSTEM32\DNSAPI.dll
0x00007ffadcc20000 - 0x00007ffadcc2a000 	C:\Windows\System32\rasadhlp.dll
0x00007ffae3300000 - 0x00007ffae336b000 	C:\Windows\System32\fwpuclnt.dll

VM Arguments:
jvm_args: -Dfile.encoding=Cp1252 
java_command: test.TestTelepathology
java_class_path (initial): C:\Users\HP1\Desktop\workspace\microManager\target\classes;C:\Users\HP1\Desktop\workspace\microManager\lib\ij.jar;C:\Users\HP1\Desktop\workspace\microManager\lib\MMCoreJ.jar;C:\Users\HP1\Desktop\workspace\microManager\lib\MMJ_.jar;C:\Users\HP1\.m2\repository\com\google\protobuf\protobuf-java\3.1.0\protobuf-java-3.1.0.jar;C:\Users\HP1\.m2\repository\commons-io\commons-io\1.3.2\commons-io-1.3.2.jar;C:\Users\HP1\.m2\repository\org\apache\commons\commons-lang3\3.1\commons-lang3-3.1.jar;C:\Users\HP1\.m2\repository\org\apache\httpcomponents\httpclient\4.5.3\httpclient-4.5.3.jar;C:\Users\HP1\.m2\repository\org\apache\httpcomponents\httpcore\4.4.6\httpcore-4.4.6.jar;C:\Users\HP1\.m2\repository\commons-logging\commons-logging\1.2\commons-logging-1.2.jar;C:\Users\HP1\.m2\repository\commons-codec\commons-codec\1.9\commons-codec-1.9.jar;C:\Users\HP1\.m2\repository\org\apache\httpcomponents\httpmime\4.3.1\httpmime-4.3.1.jar;C:\Users\HP1\.m2\repository\joda-time\joda-time\2.9.9\joda-time-2.9.9.jar;C:\Users\HP1\.m2\repository\io\reactivex\rxjava\1.0.11\rxjava-1.0.11.jar;C:\Users\HP1\.m2\repository\com\google\code\gson\gson\2.8.2\gson-2.8.2.jar;C:\Users\HP1\.m2\repository\com\google\dagger\dagger\2.16\dagger-2.16.jar;C:\Users\HP1\.m2\repository\javax\inject\javax.inject\1\javax.inject-1.jar;C:\Users\HP1\.m2\repository\org\ini4j\ini4j\0.5.1\ini4j-0.5.1.jar;C:\Users\HP1\.m2\repository\com\google\dagger\dagger-compiler\2.16\dagger-compiler-2.16.jar;C:\Users\HP1\.m2\repository\com\google\dagger\dagger-producers\2.16\dagger-producers-2.16.jar;C:\Users\HP1\.m2\repository\org\checkerframework\checker-compat-qual\2.3.0\checker-compat-qual-2.3.0.jar;C:\Users\HP1\.m2\repository\com\google\dagger\dagger-spi\2.16\dagger-spi-2.16.jar;C:\Users\HP1\.m2\repository\com\google\googlejavaformat\google-java-format\1.4\google-java-format-1.4.jar;C:\Users\HP1\.m2\repository\com\google\errorprone\javac-shaded\9-dev-r4023-3\javac-shaded-9-dev-r4023-3.jar;C:\Users\HP1\.m2\repos
Launcher Type: SUN_STANDARD

Environment Variables:
JAVA_HOME=C:\Program Files\Java\jdk1.8.0_161
PATH=C:/Program Files/Java/jre1.8.0_161/bin/server;C:/Program Files/Java/jre1.8.0_161/bin;C:/Program Files/Java/jre1.8.0_161/lib/amd64;C:\ProgramData\Oracle\Java\javapath;C:\Windows\system32;C:\Windows;C:\Windows\System32\Wbem;C:\Windows\System32\WindowsPowerShell\v1.0\;C:\Program Files (x86)\ATI Technologies\ATI.ACE\Core-Static;C:\Program Files (x86)\CodeBlocks\MinGW\bin;C:\Users\HP1\Downloads\Programs\ffmpeg\bin;C:\Program Files\Java\jdk1.8.0_161\bin;C:\Program Files\apache-maven-3.6.3\bin;C:\Program Files\OpenSSL-Win64\bin;C:\Program Files\Inkscape\bin;C:\ProgramData\chocolatey\bin;C:\Users\HP1\AppData\Local\Programs\Microsoft VS Code\bin;C:\Users\HP1\AppData\Local\Programs\MiKTeX\miktex\bin\x64\;C:\Users\HP1\Downloads\eclipse-java-luna-SR2-win32-x86_64\eclipse;
USERNAME=HP1
OS=Windows_NT
PROCESSOR_IDENTIFIER=AMD64 Family 21 Model 19 Stepping 1, AuthenticAMD



---------------  S Y S T E M  ---------------

OS: Windows 8.1 , 64 bit Build 9600 (6.3.9600.19358)

CPU:total 4 (initial active 4) (4 cores per cpu, 1 threads per core) family 21 model 19 stepping 1, cmov, cx8, fxsr, mmx, sse, sse2, sse3, ssse3, sse4.1, sse4.2, popcnt, avx, aes, clmul, mmxext, 3dnowpref, lzcnt, sse4a, tsc, tscinvbit, tscinv, bmi1

Memory: 4k page, physical 3369224k(695064k free), swap 13854984k(4744k free)

vm_info: Java HotSpot(TM) 64-Bit Server VM (25.161-b12) for windows-amd64 JRE (1.8.0_161-b12), built on Dec 19 2017 17:52:25 by "java_re" with MS VC++ 10.0 (VS2010)

time: Wed Oct 14 17:17:27 2020
elapsed time: 0 seconds (0d 0h 0m 0s)

